#
# There is insufficient memory for the Java Runtime Environment to continue.
# Native memory allocation (malloc) failed to allocate 32744 bytes for ChunkPool::allocate
# Possible reasons:
#   The system is out of physical RAM or swap space
#   The process is running with CompressedOops enabled, and the Java Heap may be blocking the growth of the native heap
# Possible solutions:
#   Reduce memory load on the system
#   Increase physical memory or swap space
#   Check if swap backing store is full
#   Decrease Java heap size (-Xmx/-Xms)
#   Decrease number of Java threads
#   Decrease Java thread stack sizes (-Xss)
#   Set larger code cache with -XX:ReservedCodeCacheSize=
#   JVM is running with Unscaled Compressed Oops mode in which the Java heap is
#     placed in the first 4GB address space. The Java Heap base address is the
#     maximum limit for the native heap growth. Please use -XX:HeapBaseMinAddress
#     to set the Java Heap base and to place the Java Heap above 4GB virtual address.
# This output file may be truncated or incomplete.
#
#  Out of Memory Error (allocation.cpp:272), pid=1620, tid=0x0000000000001248
#
# JRE version: OpenJDK Runtime Environment (8.0_242-b01) (build 1.8.0_242-release-1644-b01)
# Java VM: OpenJDK 64-Bit Server VM (25.242-b01 mixed mode windows-amd64 compressed oops)
# Failed to write core dump. Minidumps are not enabled by default on client versions of Windows
#

---------------  T H R E A D  ---------------

Current thread (0x000000001760e000):  JavaThread "C1 CompilerThread2" daemon [_thread_in_native, id=4680, stack(0x0000000018e40000,0x0000000018f40000)]

Stack: [0x0000000018e40000,0x0000000018f40000]
[error occurred during error reporting (printing stack bounds), id 0xc0000005]

Native frames: (J=compiled Java code, j=interpreted, Vv=VM code, C=native code)


Current CompileTask:
C1:  14654 1907       3       org.gradle.internal.instantiation.generator.AbstractClassGenerator$InjectionAnnotationValidator::validateMethod (478 bytes)


---------------  P R O C E S S  ---------------

Java Threads: ( => current thread )
  0x000000001b406800 JavaThread "Cache worker for cache directory md-supplier (C:\Users\SATRIA\.gradle\caches\6.1.1\md-supplier)" [_thread_blocked, id=2636, stack(0x000000001f8a0000,0x000000001f9a0000)]
  0x000000001b405000 JavaThread "Cache worker for file hash cache (D:\Tugas Besar\Shopping_Fun\.gradle\6.1.1\fileHashes)" [_thread_blocked, id=4252, stack(0x0000000020be0000,0x0000000020ce0000)]
  0x000000001b405800 JavaThread "Cache worker for checksums cache (D:\Tugas Besar\Shopping_Fun\.gradle\checksums)" [_thread_blocked, id=4952, stack(0x0000000020ae0000,0x0000000020be0000)]
  0x000000001b408000 JavaThread "Cache worker for file hash cache (C:\Users\SATRIA\.gradle\caches\6.1.1\fileHashes)" [_thread_blocked, id=5960, stack(0x000000001d300000,0x000000001d400000)]
  0x000000001b407000 JavaThread "File lock request listener" [_thread_in_native, id=3860, stack(0x000000001d200000,0x000000001d300000)]
  0x000000001b404000 JavaThread "Cache worker for journal cache (C:\Users\SATRIA\.gradle\caches\journal-1)" [_thread_blocked, id=1780, stack(0x000000001d100000,0x000000001d200000)]
  0x000000001a0d0000 JavaThread "Thread-9" [_thread_blocked, id=6096, stack(0x000000001ce00000,0x000000001cf00000)]
  0x000000001b399800 JavaThread "Stdin handler" [_thread_blocked, id=5460, stack(0x000000001cd00000,0x000000001ce00000)]
  0x000000001b38f000 JavaThread "Asynchronous log dispatcher for DefaultDaemonConnection: socket connection from /127.0.0.1:50758 to /127.0.0.1:50759" [_thread_blocked, id=5004, stack(0x000000001cc00000,0x000000001cd00000)]
  0x000000001b383000 JavaThread "Daemon worker" [_thread_in_vm, id=4964, stack(0x000000001cb00000,0x000000001cc00000)]
  0x000000001b381800 JavaThread "Cancel handler" [_thread_blocked, id=2692, stack(0x000000001ca00000,0x000000001cb00000)]
  0x000000001b28a000 JavaThread "Handler for socket connection from /127.0.0.1:50758 to /127.0.0.1:50759" [_thread_in_native, id=5276, stack(0x000000001c700000,0x000000001c800000)]
  0x000000001b287000 JavaThread "Daemon" [_thread_blocked, id=3652, stack(0x000000001c600000,0x000000001c700000)]
  0x000000001b24e000 JavaThread "Daemon periodic checks" [_thread_blocked, id=5664, stack(0x000000001c500000,0x000000001c600000)]
  0x000000001b260800 JavaThread "Incoming local TCP Connector on port 50758" [_thread_in_native, id=2664, stack(0x0000000019640000,0x0000000019740000)]
  0x000000001afee800 JavaThread "Daemon health stats" [_thread_blocked, id=3100, stack(0x0000000019540000,0x0000000019640000)]
  0x0000000018f68800 JavaThread "Service Thread" daemon [_thread_blocked, id=5680, stack(0x0000000019340000,0x0000000019440000)]
=>0x000000001760e000 JavaThread "C1 CompilerThread2" daemon [_thread_in_native, id=4680, stack(0x0000000018e40000,0x0000000018f40000)]
  0x000000001760b000 JavaThread "C2 CompilerThread1" daemon [_thread_blocked, id=3164, stack(0x0000000018d40000,0x0000000018e40000)]
  0x0000000017604000 JavaThread "C2 CompilerThread0" daemon [_thread_in_native, id=96, stack(0x0000000018c40000,0x0000000018d40000)]
  0x0000000017602800 JavaThread "Attach Listener" daemon [_thread_blocked, id=5604, stack(0x0000000018b40000,0x0000000018c40000)]
  0x0000000017601000 JavaThread "Signal Dispatcher" daemon [_thread_blocked, id=4296, stack(0x0000000018a40000,0x0000000018b40000)]
  0x000000000286c000 JavaThread "Finalizer" daemon [_thread_blocked, id=4304, stack(0x0000000018860000,0x0000000018960000)]
  0x00000000175e9000 JavaThread "Reference Handler" daemon [_thread_blocked, id=5992, stack(0x0000000018760000,0x0000000018860000)]
  0x0000000002add800 JavaThread "main" [_thread_blocked, id=6072, stack(0x0000000000ef0000,0x0000000000ff0000)]

Other Threads:
  0x00000000175c7000 VMThread [stack: 0x0000000018660000,0x0000000018760000] [id=3656]
  0x000000001765d800 WatcherThread [stack: 0x0000000019440000,0x0000000019540000] [id=3108]

VM state:not at safepoint (normal execution)

VM Mutex/Monitor currently owned by a thread: None

heap address: 0x0000000080000000, size: 2048 MB, Compressed Oops mode: 32-bit
Narrow klass base: 0x0000000000000000, Narrow klass shift: 3
Compressed class space size: 1073741824 Address: 0x0000000100000000

Heap:
 PSYoungGen      total 107008K, used 21437K [0x00000000d5580000, 0x00000000e2580000, 0x0000000100000000)
  eden space 95744K, 22% used [0x00000000d5580000,0x00000000d6a6f628,0x00000000db300000)
  from space 11264K, 0% used [0x00000000db300000,0x00000000db300000,0x00000000dbe00000)
  to   space 10752K, 0% used [0x00000000e1b00000,0x00000000e1b00000,0x00000000e2580000)
 ParOldGen       total 36352K, used 6889K [0x0000000080000000, 0x0000000082380000, 0x00000000d5580000)
  object space 36352K, 18% used [0x0000000080000000,0x00000000806ba718,0x0000000082380000)
 Metaspace       used 21695K, capacity 22348K, committed 22448K, reserved 1069056K
  class space    used 3056K, capacity 3244K, committed 3248K, reserved 1048576K

Card table byte_map: [0x0000000011ea0000,0x00000000122b0000] byte_map_base: 0x0000000011aa0000

Marking Bits: (ParMarkBitMap*) 0x000000007073f030
 Begin Bits: [0x0000000012860000, 0x0000000014860000)
 End Bits:   [0x0000000014860000, 0x0000000016860000)

Polling page: 0x0000000000db0000

CodeCache: size=245760Kb used=6707Kb max_used=6707Kb free=239052Kb
 bounds [0x0000000002ae0000, 0x0000000003180000, 0x0000000011ae0000]
 total_blobs=2297 nmethods=1869 adapters=341
 compilation: enabled

Compilation events (10 events):
Event: 14.643 Thread 0x000000001760e000 nmethod 1888 0x0000000002c98b10 code [0x0000000002c98ce0, 0x0000000002c998b8]
Event: 14.643 Thread 0x000000001760e000 1902       3       com.google.common.collect.ImmutableSet::asList (23 bytes)
Event: 14.644 Thread 0x000000001760e000 nmethod 1902 0x0000000002c82690 code [0x0000000002c82800, 0x0000000002c82aa8]
Event: 14.644 Thread 0x000000001760e000 1904       3       com.google.common.collect.RegularImmutableSet::iterator (8 bytes)
Event: 14.645 Thread 0x000000001760e000 nmethod 1904 0x0000000002c7ba90 code [0x0000000002c7bc60, 0x0000000002c7c548]
Event: 14.645 Thread 0x000000001760e000 1905       3       com.google.common.collect.RegularImmutableSet::iterator (5 bytes)
Event: 14.645 Thread 0x000000001760e000 nmethod 1905 0x0000000002bef550 code [0x0000000002bef720, 0x0000000002bf00c8]
Event: 14.645 Thread 0x000000001760e000 1906       3       org.gradle.internal.instantiation.generator.AbstractClassGenerator$InjectionAnnotationValidator::validateMethod (160 bytes)
Event: 14.647 Thread 0x000000001760e000 nmethod 1906 0x000000000316ff50 code [0x0000000003170280, 0x0000000003171948]
Event: 14.647 Thread 0x000000001760e000 1907       3       org.gradle.internal.instantiation.generator.AbstractClassGenerator$InjectionAnnotationValidator::validateMethod (478 bytes)

GC Heap History (10 events):
Event: 3.500 GC heap before
{Heap before GC invocations=4 (full 0):
 PSYoungGen      total 28672K, used 28273K [0x00000000d5580000, 0x00000000d8d80000, 0x0000000100000000)
  eden space 24576K, 100% used [0x00000000d5580000,0x00000000d6d80000,0x00000000d6d80000)
  from space 4096K, 90% used [0x00000000d6d80000,0x00000000d711c588,0x00000000d7180000)
  to   space 4096K, 0% used [0x00000000d8980000,0x00000000d8980000,0x00000000d8d80000)
 ParOldGen       total 65536K, used 24K [0x0000000080000000, 0x0000000084000000, 0x00000000d5580000)
  object space 65536K, 0% used [0x0000000080000000,0x0000000080006000,0x0000000084000000)
 Metaspace       used 12157K, capacity 12484K, committed 12800K, reserved 1060864K
  class space    used 1616K, capacity 1730K, committed 1792K, reserved 1048576K
Event: 3.514 GC heap after
Heap after GC invocations=4 (full 0):
 PSYoungGen      total 53248K, used 4064K [0x00000000d5580000, 0x00000000d8d80000, 0x0000000100000000)
  eden space 49152K, 0% used [0x00000000d5580000,0x00000000d5580000,0x00000000d8580000)
  from space 4096K, 99% used [0x00000000d8980000,0x00000000d8d78020,0x00000000d8d80000)
  to   space 4096K, 0% used [0x00000000d8580000,0x00000000d8580000,0x00000000d8980000)
 ParOldGen       total 65536K, used 1923K [0x0000000080000000, 0x0000000084000000, 0x00000000d5580000)
  object space 65536K, 2% used [0x0000000080000000,0x00000000801e0f08,0x0000000084000000)
 Metaspace       used 12157K, capacity 12484K, committed 12800K, reserved 1060864K
  class space    used 1616K, capacity 1730K, committed 1792K, reserved 1048576K
}
Event: 4.729 GC heap before
{Heap before GC invocations=5 (full 0):
 PSYoungGen      total 53248K, used 53216K [0x00000000d5580000, 0x00000000d8d80000, 0x0000000100000000)
  eden space 49152K, 100% used [0x00000000d5580000,0x00000000d8580000,0x00000000d8580000)
  from space 4096K, 99% used [0x00000000d8980000,0x00000000d8d78020,0x00000000d8d80000)
  to   space 4096K, 0% used [0x00000000d8580000,0x00000000d8580000,0x00000000d8980000)
 ParOldGen       total 65536K, used 1923K [0x0000000080000000, 0x0000000084000000, 0x00000000d5580000)
  object space 65536K, 2% used [0x0000000080000000,0x00000000801e0f08,0x0000000084000000)
 Metaspace       used 15957K, capacity 16402K, committed 16768K, reserved 1062912K
  class space    used 2166K, capacity 2349K, committed 2432K, reserved 1048576K
Event: 4.752 GC heap after
Heap after GC invocations=5 (full 0):
 PSYoungGen      total 53248K, used 4080K [0x00000000d5580000, 0x00000000dc680000, 0x0000000100000000)
  eden space 49152K, 0% used [0x00000000d5580000,0x00000000d5580000,0x00000000d8580000)
  from space 4096K, 99% used [0x00000000d8580000,0x00000000d897c010,0x00000000d8980000)
  to   space 8704K, 0% used [0x00000000dbe00000,0x00000000dbe00000,0x00000000dc680000)
 ParOldGen       total 65536K, used 6397K [0x0000000080000000, 0x0000000084000000, 0x00000000d5580000)
  object space 65536K, 9% used [0x0000000080000000,0x000000008063f640,0x0000000084000000)
 Metaspace       used 15957K, capacity 16402K, committed 16768K, reserved 1062912K
  class space    used 2166K, capacity 2349K, committed 2432K, reserved 1048576K
}
Event: 8.605 GC heap before
{Heap before GC invocations=6 (full 0):
 PSYoungGen      total 53248K, used 53232K [0x00000000d5580000, 0x00000000dc680000, 0x0000000100000000)
  eden space 49152K, 100% used [0x00000000d5580000,0x00000000d8580000,0x00000000d8580000)
  from space 4096K, 99% used [0x00000000d8580000,0x00000000d897c010,0x00000000d8980000)
  to   space 8704K, 0% used [0x00000000dbe00000,0x00000000dbe00000,0x00000000dc680000)
 ParOldGen       total 65536K, used 6397K [0x0000000080000000, 0x0000000084000000, 0x00000000d5580000)
  object space 65536K, 9% used [0x0000000080000000,0x000000008063f640,0x0000000084000000)
 Metaspace       used 20576K, capacity 21228K, committed 21296K, reserved 1067008K
  class space    used 2871K, capacity 3084K, committed 3120K, reserved 1048576K
Event: 8.622 GC heap after
Heap after GC invocations=6 (full 0):
 PSYoungGen      total 104448K, used 8688K [0x00000000d5580000, 0x00000000dcb80000, 0x0000000100000000)
  eden space 95744K, 0% used [0x00000000d5580000,0x00000000d5580000,0x00000000db300000)
  from space 8704K, 99% used [0x00000000dbe00000,0x00000000dc67c330,0x00000000dc680000)
  to   space 11264K, 0% used [0x00000000db300000,0x00000000db300000,0x00000000dbe00000)
 ParOldGen       total 65536K, used 7541K [0x0000000080000000, 0x0000000084000000, 0x00000000d5580000)
  object space 65536K, 11% used [0x0000000080000000,0x000000008075d758,0x0000000084000000)
 Metaspace       used 20576K, capacity 21228K, committed 21296K, reserved 1067008K
  class space    used 2871K, capacity 3084K, committed 3120K, reserved 1048576K
}
Event: 8.626 GC heap before
{Heap before GC invocations=7 (full 0):
 PSYoungGen      total 104448K, used 10179K [0x00000000d5580000, 0x00000000dcb80000, 0x0000000100000000)
  eden space 95744K, 1% used [0x00000000d5580000,0x00000000d56f4c30,0x00000000db300000)
  from space 8704K, 99% used [0x00000000dbe00000,0x00000000dc67c330,0x00000000dc680000)
  to   space 11264K, 0% used [0x00000000db300000,0x00000000db300000,0x00000000dbe00000)
 ParOldGen       total 65536K, used 7541K [0x0000000080000000, 0x0000000084000000, 0x00000000d5580000)
  object space 65536K, 11% used [0x0000000080000000,0x000000008075d758,0x0000000084000000)
 Metaspace       used 20576K, capacity 21228K, committed 21296K, reserved 1067008K
  class space    used 2871K, capacity 3084K, committed 3120K, reserved 1048576K
Event: 8.639 GC heap after
Heap after GC invocations=7 (full 0):
 PSYoungGen      total 107008K, used 4356K [0x00000000d5580000, 0x00000000e2580000, 0x0000000100000000)
  eden space 95744K, 0% used [0x00000000d5580000,0x00000000d5580000,0x00000000db300000)
  from space 11264K, 38% used [0x00000000db300000,0x00000000db741050,0x00000000dbe00000)
  to   space 10752K, 0% used [0x00000000e1b00000,0x00000000e1b00000,0x00000000e2580000)
 ParOldGen       total 65536K, used 9069K [0x0000000080000000, 0x0000000084000000, 0x00000000d5580000)
  object space 65536K, 13% used [0x0000000080000000,0x00000000808db7a8,0x0000000084000000)
 Metaspace       used 20576K, capacity 21228K, committed 21296K, reserved 1067008K
  class space    used 2871K, capacity 3084K, committed 3120K, reserved 1048576K
}
Event: 8.639 GC heap before
{Heap before GC invocations=8 (full 1):
 PSYoungGen      total 107008K, used 4356K [0x00000000d5580000, 0x00000000e2580000, 0x0000000100000000)
  eden space 95744K, 0% used [0x00000000d5580000,0x00000000d5580000,0x00000000db300000)
  from space 11264K, 38% used [0x00000000db300000,0x00000000db741050,0x00000000dbe00000)
  to   space 10752K, 0% used [0x00000000e1b00000,0x00000000e1b00000,0x00000000e2580000)
 ParOldGen       total 65536K, used 9069K [0x0000000080000000, 0x0000000084000000, 0x00000000d5580000)
  object space 65536K, 13% used [0x0000000080000000,0x00000000808db7a8,0x0000000084000000)
 Metaspace       used 20576K, capacity 21228K, committed 21296K, reserved 1067008K
  class space    used 2871K, capacity 3084K, committed 3120K, reserved 1048576K
Event: 8.704 GC heap after
Heap after GC invocations=8 (full 1):
 PSYoungGen      total 107008K, used 0K [0x00000000d5580000, 0x00000000e2580000, 0x0000000100000000)
  eden space 95744K, 0% used [0x00000000d5580000,0x00000000d5580000,0x00000000db300000)
  from space 11264K, 0% used [0x00000000db300000,0x00000000db300000,0x00000000dbe00000)
  to   space 10752K, 0% used [0x00000000e1b00000,0x00000000e1b00000,0x00000000e2580000)
 ParOldGen       total 36352K, used 6889K [0x0000000080000000, 0x0000000082380000, 0x00000000d5580000)
  object space 36352K, 18% used [0x0000000080000000,0x00000000806ba718,0x0000000082380000)
 Metaspace       used 20576K, capacity 21228K, committed 21296K, reserved 1067008K
  class space    used 2871K, capacity 3084K, committed 3120K, reserved 1048576K
}

Deoptimization events (10 events):
Event: 6.579 Thread 0x000000001b383000 Uncommon trap: reason=bimorphic action=maybe_recompile pc=0x0000000002feecc4 method=java.lang.ClassLoader.loadClass(Ljava/lang/String;Z)Ljava/lang/Class; @ 38
Event: 6.580 Thread 0x000000001b383000 Uncommon trap: reason=bimorphic action=maybe_recompile pc=0x0000000002feecc4 method=java.lang.ClassLoader.loadClass(Ljava/lang/String;Z)Ljava/lang/Class; @ 38
Event: 6.581 Thread 0x000000001b383000 Uncommon trap: reason=bimorphic action=maybe_recompile pc=0x0000000002feecc4 method=java.lang.ClassLoader.loadClass(Ljava/lang/String;Z)Ljava/lang/Class; @ 38
Event: 6.581 Thread 0x000000001b383000 Uncommon trap: reason=bimorphic action=maybe_recompile pc=0x000000000307b9d0 method=java.lang.ClassLoader.getPackage(Ljava/lang/String;)Ljava/lang/Package; @ 47
Event: 6.582 Thread 0x000000001b383000 Uncommon trap: reason=unstable_if action=reinterpret pc=0x000000000307b6e0 method=java.net.URLClassLoader.getAndVerifyPackage(Ljava/lang/String;Ljava/util/jar/Manifest;Ljava/net/URL;)Ljava/lang/Package; @ 62
Event: 6.582 Thread 0x000000001b383000 Uncommon trap: reason=bimorphic action=maybe_recompile pc=0x00000000030ff1f0 method=java.lang.ClassLoader.getPackage(Ljava/lang/String;)Ljava/lang/Package; @ 47
Event: 6.583 Thread 0x000000001b383000 Uncommon trap: reason=unstable_if action=reinterpret pc=0x00000000030fee64 method=java.net.URLClassLoader.getAndVerifyPackage(Ljava/lang/String;Ljava/util/jar/Manifest;Ljava/net/URL;)Ljava/lang/Package; @ 62
Event: 9.079 Thread 0x000000001b383000 Uncommon trap: reason=unstable_if action=reinterpret pc=0x0000000002fd6fb0 method=java.util.HashMap.hash(Ljava/lang/Object;)I @ 1
Event: 13.473 Thread 0x000000001b383000 Uncommon trap: reason=unstable_if action=reinterpret pc=0x0000000002df5f4c method=java.io.WinNTFileSystem.resolve(Ljava/lang/String;Ljava/lang/String;)Ljava/lang/String; @ 49
Event: 14.640 Thread 0x000000001b383000 Uncommon trap: reason=unstable_if action=reinterpret pc=0x0000000002e179f0 method=java.util.LinkedHashMap.afterNodeInsertion(Z)V @ 1

Classes redefined (0 events):
No events

Internal exceptions (10 events):
Event: 6.860 Thread 0x000000001b383000 Exception <a 'java/lang/NoSuchMethodError': <clinit>> (0x00000000d7f04568) thrown at [C:\src\AOSP-openjdk-git\hotspot\src\share\vm\prims\jni.cpp, line 1615]
Event: 6.863 Thread 0x000000001b383000 Exception <a 'java/lang/NoSuchMethodError': <clinit>> (0x00000000d7f12098) thrown at [C:\src\AOSP-openjdk-git\hotspot\src\share\vm\prims\jni.cpp, line 1615]
Event: 6.898 Thread 0x000000001b383000 Exception <a 'java/lang/NoSuchMethodError': <clinit>> (0x00000000d803ce20) thrown at [C:\src\AOSP-openjdk-git\hotspot\src\share\vm\prims\jni.cpp, line 1615]
Event: 6.898 Thread 0x000000001b383000 Exception <a 'java/lang/NoSuchMethodError': <clinit>> (0x00000000d8040ec8) thrown at [C:\src\AOSP-openjdk-git\hotspot\src\share\vm\prims\jni.cpp, line 1615]
Event: 6.898 Thread 0x000000001b383000 Exception <a 'java/lang/NoSuchMethodError': <clinit>> (0x00000000d8042800) thrown at [C:\src\AOSP-openjdk-git\hotspot\src\share\vm\prims\jni.cpp, line 1615]
Event: 6.898 Thread 0x000000001b383000 Exception <a 'java/lang/NoSuchMethodError': <clinit>> (0x00000000d8043cb0) thrown at [C:\src\AOSP-openjdk-git\hotspot\src\share\vm\prims\jni.cpp, line 1615]
Event: 6.899 Thread 0x000000001b383000 Exception <a 'java/lang/NoSuchMethodError': <clinit>> (0x00000000d80453b0) thrown at [C:\src\AOSP-openjdk-git\hotspot\src\share\vm\prims\jni.cpp, line 1615]
Event: 6.899 Thread 0x000000001b383000 Exception <a 'java/lang/NoSuchMethodError': <clinit>> (0x00000000d8046960) thrown at [C:\src\AOSP-openjdk-git\hotspot\src\share\vm\prims\jni.cpp, line 1615]
Event: 6.899 Thread 0x000000001b383000 Exception <a 'java/lang/NoSuchMethodError': <clinit>> (0x00000000d8047db0) thrown at [C:\src\AOSP-openjdk-git\hotspot\src\share\vm\prims\jni.cpp, line 1615]
Event: 9.079 Thread 0x000000001b383000 Implicit null exception at 0x0000000002fd6d95 to 0x0000000002fd6fa1

Events (10 events):
Event: 14.627 loading class org/gradle/api/artifacts/repositories/FlatDirectoryArtifactRepository done
Event: 14.628 loading class org/gradle/api/internal/collections/CollectionFilter
Event: 14.628 loading class org/gradle/api/internal/collections/CollectionFilter done
Event: 14.631 loading class com/google/common/reflect/TypeToken$4
Event: 14.631 loading class com/google/common/reflect/TypeToken$4 done
Event: 14.640 Thread 0x000000001b383000 Uncommon trap: trap_request=0xffffff65 fr.pc=0x0000000002e179f0
Event: 14.640 Thread 0x000000001b383000 DEOPT PACKING pc=0x0000000002e179f0 sp=0x000000001cbfa0e0
Event: 14.640 Thread 0x000000001b383000 DEOPT UNPACKING pc=0x0000000002b2557b sp=0x000000001cbfa068 mode 2
Event: 14.646 loading class org/gradle/internal/reflect/JavaReflectionUtil
Event: 14.646 loading class org/gradle/internal/reflect/JavaReflectionUtil done


Dynamic libraries:
0x00007ff743820000 - 0x00007ff743851000 	C:\Program Files\Android\Android Studio1\jre\bin\java.exe
0x00007fffaf2c0000 - 0x00007fffaf46d000 	C:\Windows\SYSTEM32\ntdll.dll
0x00007fffac990000 - 0x00007fffacaca000 	C:\Windows\system32\KERNEL32.DLL
0x00007fffac640000 - 0x00007fffac755000 	C:\Windows\system32\KERNELBASE.dll
0x00007fffacd50000 - 0x00007fffacdfa000 	C:\Windows\system32\ADVAPI32.dll
0x00007fffad1b0000 - 0x00007fffad327000 	C:\Windows\system32\USER32.dll
0x00007fffaa350000 - 0x00007fffaa5cb000 	C:\Windows\WinSxS\amd64_microsoft.windows.common-controls_6595b64144ccf1df_6.0.9600.18006_none_623f33d3ecbe86e8\COMCTL32.dll
0x00007fffad6c0000 - 0x00007fffad767000 	C:\Windows\system32\msvcrt.dll
0x00007fffacf30000 - 0x00007fffacf89000 	C:\Windows\SYSTEM32\sechost.dll
0x00007fffad330000 - 0x00007fffad470000 	C:\Windows\system32\RPCRT4.dll
0x00007fffacb30000 - 0x00007fffacc7b000 	C:\Windows\system32\GDI32.dll
0x00007fffac500000 - 0x00007fffac52e000 	C:\Windows\system32\SspiCli.dll
0x00007fffaf110000 - 0x00007fffaf144000 	C:\Windows\system32\IMM32.DLL
0x00007fffaf160000 - 0x00007fffaf2b1000 	C:\Windows\system32\MSCTF.dll
0x000000006fe90000 - 0x000000006ff62000 	C:\Program Files\Android\Android Studio1\jre\jre\bin\msvcr100.dll
0x000000006ff70000 - 0x00000000707bb000 	C:\Program Files\Android\Android Studio1\jre\jre\bin\server\jvm.dll
0x00007fffa55e0000 - 0x00007fffa55e9000 	C:\Windows\SYSTEM32\WSOCK32.dll
0x00007fffaa5d0000 - 0x00007fffaa5ef000 	C:\Windows\SYSTEM32\WINMM.dll
0x00007fffaa5f0000 - 0x00007fffaa5fa000 	C:\Windows\SYSTEM32\VERSION.dll
0x00007fffad990000 - 0x00007fffad997000 	C:\Windows\system32\PSAPI.DLL
0x00007fffaced0000 - 0x00007fffacf2a000 	C:\Windows\system32\WS2_32.dll
0x00007fffaa310000 - 0x00007fffaa33a000 	C:\Windows\SYSTEM32\WINMMBASE.dll
0x00007fffad980000 - 0x00007fffad989000 	C:\Windows\system32\NSI.dll
0x00007fffac940000 - 0x00007fffac98a000 	C:\Windows\SYSTEM32\cfgmgr32.dll
0x00007fffab270000 - 0x00007fffab296000 	C:\Windows\SYSTEM32\DEVOBJ.dll
0x00007fffa55c0000 - 0x00007fffa55cf000 	C:\Program Files\Android\Android Studio1\jre\jre\bin\verify.dll
0x00007fff93ac0000 - 0x00007fff93ae9000 	C:\Program Files\Android\Android Studio1\jre\jre\bin\java.dll
0x00007fff956f0000 - 0x00007fff95706000 	C:\Program Files\Android\Android Studio1\jre\jre\bin\zip.dll
0x00007fffadbe0000 - 0x00007fffaf10c000 	C:\Windows\system32\SHELL32.dll
0x00007fffacf90000 - 0x00007fffad1a2000 	C:\Windows\SYSTEM32\combase.dll
0x00007fffad9a0000 - 0x00007fffad9f1000 	C:\Windows\system32\SHLWAPI.dll
0x00007fffaaf40000 - 0x00007fffaaff2000 	C:\Windows\SYSTEM32\SHCORE.dll
0x00007fffac430000 - 0x00007fffac444000 	C:\Windows\SYSTEM32\profapi.dll
0x00007fff94b40000 - 0x00007fff94b5a000 	C:\Program Files\Android\Android Studio1\jre\jre\bin\net.dll
0x00007fffabce0000 - 0x00007fffabd39000 	C:\Windows\system32\mswsock.dll
0x00007fff949f0000 - 0x00007fff94a03000 	C:\Program Files\Android\Android Studio1\jre\jre\bin\nio.dll
0x00007fff86bd0000 - 0x00007fff86bf6000 	C:\Users\SATRIA\.gradle\native\31\windows-amd64\native-platform.dll
0x00007fffa55a0000 - 0x00007fffa55ad000 	C:\Program Files\Android\Android Studio1\jre\jre\bin\management.dll
0x00007fffabd40000 - 0x00007fffabd5e000 	C:\Windows\SYSTEM32\CRYPTSP.dll
0x00007fffab910000 - 0x00007fffab946000 	C:\Windows\system32\rsaenh.dll
0x00007fffabff0000 - 0x00007fffac016000 	C:\Windows\SYSTEM32\bcrypt.dll
0x00007fffaba20000 - 0x00007fffaba3e000 	C:\Windows\SYSTEM32\USERENV.dll
0x00007fffac300000 - 0x00007fffac363000 	C:\Windows\system32\bcryptprimitives.dll
0x00007fffac370000 - 0x00007fffac37a000 	C:\Windows\SYSTEM32\CRYPTBASE.dll
0x00007fffa6ad0000 - 0x00007fffa6afa000 	C:\Windows\SYSTEM32\IPHLPAPI.DLL
0x00007fffa6ed0000 - 0x00007fffa6eda000 	C:\Windows\SYSTEM32\WINNSI.DLL
0x00007fffa6000000 - 0x00007fffa6014000 	C:\Windows\SYSTEM32\dhcpcsvc6.DLL
0x00007fffa68c0000 - 0x00007fffa68d9000 	C:\Windows\SYSTEM32\dhcpcsvc.DLL

VM Arguments:
jvm_args: -Xmx2048m -Dfile.encoding=windows-1252 -Duser.country=US -Duser.language=en -Duser.variant 
java_command: org.gradle.launcher.daemon.bootstrap.GradleDaemon 6.1.1
java_class_path (initial): C:\Users\SATRIA\.gradle\wrapper\dists\gradle-6.1.1-all\cfmwm155h49vnt3hynmlrsdst\gradle-6.1.1\lib\gradle-launcher-6.1.1.jar
Launcher Type: SUN_STANDARD

Environment Variables:
PATH=C:\Program Files (x86)\Common Files\Oracle\Java\javapath;C:\ProgramData\Oracle\Java\javapath;C:\Program Files (x86)\Common Files\Intel\Shared Files\cpp\bin\Intel64;C:\Program Files (x86)\NVIDIA Corporation\PhysX\Common;C:\Windows\system32;C:\Windows;C:\Windows\System32\Wbem;C:\Windows\System32\WindowsPowerShell\v1.0\;C:\xampp\php;C:\FPC\3.0.4\bin\i386-Win32;C:\Program Files\Git\cmd;;C:\Users\SATRIA\AppData\Local\Programs\Microsoft VS Code\bin
USERNAME=SATRIA
OS=Windows_NT
PROCESSOR_IDENTIFIER=Intel64 Family 6 Model 69 Stepping 1, GenuineIntel



---------------  S Y S T E M  ---------------

OS: Windows 8.1 , 64 bit Build 9600 (6.3.9600.17056)

CPU:total 4 (initial active 4) (2 cores per cpu, 2 threads per core) family 6 model 69 stepping 1, cmov, cx8, fxsr, mmx, sse, sse2, sse3, ssse3, sse4.1, sse4.2, popcnt, avx, avx2, aes, clmul, erms, lzcnt, ht, tsc, tscinvbit, bmi1, bmi2

Memory: 4k page, physical 6171712k(1044820k free), swap 9317440k(5088k free)

vm_info: OpenJDK 64-Bit Server VM (25.242-b01) for windows-amd64 JRE (1.8.0_242-release-1644-b01), built by "builder" with MS VC++ 10.0 (VS2010)

time: Thu Jul 16 14:33:00 2020
timezone: SE Asia Standard Time
elapsed time: 14 seconds (0d 0h 0m 14s)

